2024-06-08 20:20:18 INFO  example4 - Card Number: 1234-5678-9876-5432
2024-06-08 20:20:18 INFO  example4 - Card Holder Name: Isha Desai
2024-06-08 20:20:18 INFO  example4 - Credit Limit: 5000.0
2024-06-08 20:20:18 INFO  example4 - Balance: 0.0
2024-06-08 20:20:18 INFO  example4 - Purchase of 1500.0 made successfully.
2024-06-08 20:20:18 INFO  example4 - Payment of 500.0 made successfully.
2024-06-08 20:20:18 INFO  example4 - Card Number: 1234-5678-9876-5432
2024-06-08 20:20:18 INFO  example4 - Card Holder Name: Isha Desai
2024-06-08 20:20:18 INFO  example4 - Credit Limit: 5000.0
2024-06-08 20:20:18 INFO  example4 - Balance: 1000.0
2024-06-08 20:20:44 INFO  example4 - Card Number: 1234-5678-9876-5432
2024-06-08 20:20:44 INFO  example4 - Card Holder Name: Isha Desai
2024-06-08 20:20:44 INFO  example4 - Credit Limit: 5000.0
2024-06-08 20:20:44 INFO  example4 - Balance: 0.0
2024-06-08 20:20:44 INFO  example4 - Purchase of 1500.0 made successfully.
2024-06-08 20:20:44 INFO  example4 - Payment of 500.0 made successfully.
2024-06-08 20:20:44 INFO  example4 - Card Number: 1234-5678-9876-5432
2024-06-08 20:20:44 INFO  example4 - Card Holder Name: Isha Desai
2024-06-08 20:20:44 INFO  example4 - Credit Limit: 5000.0
2024-06-08 20:20:44 INFO  example4 - Balance: 1000.0
2024-06-08 20:21:44 INFO  example4 - Card Number: 1234-5678-9876-5432
2024-06-08 20:21:44 INFO  example4 - Card Holder Name: Isha Desai
2024-06-08 20:21:44 INFO  example4 - Credit Limit: 5000.0
2024-06-08 20:21:44 INFO  example4 - Balance: 0.0
2024-06-08 20:21:44 INFO  example4 - Purchase of 1500.0 made successfully.
2024-06-08 20:21:44 INFO  example4 - Payment of 500.0 made successfully.
2024-06-08 20:21:44 INFO  example4 - Card Number: 1234-5678-9876-5432
2024-06-08 20:21:44 INFO  example4 - Card Holder Name: Isha Desai
2024-06-08 20:21:44 INFO  example4 - Credit Limit: 5000.0
2024-06-08 20:21:44 INFO  example4 - Balance: 1000.0
2024-06-09 14:47:23 INFO  example13 - Read finance data:
2024-06-09 14:47:23 INFO  example13 - FinanceData{name='Company A', balance=10000.0, currency='USD'}
2024-06-09 14:47:23 INFO  example13 - FinanceData{name='Company B', balance=20000.0, currency='EUR'}
