2024-06-07 12:52:53 INFO  example - Income added: Rs.2000.0
2024-06-07 12:52:53 INFO  example - Income added: Rs.500.0
2024-06-07 12:52:53 INFO  example - Expense added: Rs.300.0
2024-06-07 12:52:53 INFO  example - Expense added: Rs.200.0
2024-06-07 12:52:53 INFO  example - 
Financial Summary:
Carried forward balance: Rs.0.0
Total Income: Rs.2500.0
Total Expenses: Rs.500.0
Current Balance: Rs.2000.0
2024-06-07 12:53:00 INFO  example - Income added: Rs.2000.0
2024-06-07 12:53:00 INFO  example - Income added: Rs.500.0
2024-06-07 12:53:00 INFO  example - Expense added: Rs.300.0
2024-06-07 12:53:00 INFO  example - Expense added: Rs.200.0
2024-06-07 12:53:00 INFO  example - 
Financial Summary:
Carried forward balance: Rs.2000.0
Total Income: Rs.2500.0
Total Expenses: Rs.500.0
Current Balance: Rs.4000.0
2024-06-09 14:47:23 INFO  example13 - Read finance data:
2024-06-09 14:47:23 INFO  example13 - FinanceData{name='Company A', balance=10000.0, currency='USD'}
2024-06-09 14:47:23 INFO  example13 - FinanceData{name='Company B', balance=20000.0, currency='EUR'}
